<?xml version="1.0" encoding="UTF-8"?>
<!-- Generated by org.testng.reporters.JUnitReportReporter -->
<testsuite skipped="0" hostname="DESKTOP-JDFK74N" name="testcases.LoginTestCase" tests="1" failures="0" timestamp="30 Sep 2021 10:07:46 GMT" time="7.753" errors="0">
  <testcase name="login" time="7.753" classname="testcases.LoginTestCase"/>
</testsuite> <!-- testcases.LoginTestCase -->
